d:\develop\marcombo\marsalud\marsalud\x64\debug\vc143.pdb
d:\develop\marcombo\marsalud\marsalud\x64\debug\vc143.idb
d:\develop\marcombo\marsalud\marsalud\x64\debug\persona.obj
d:\develop\marcombo\marsalud\marsalud\x64\debug\persona.asm
d:\develop\marcombo\marsalud\marsalud\x64\debug\modelo.obj
d:\develop\marcombo\marsalud\marsalud\x64\debug\modelo.asm
d:\develop\marcombo\marsalud\marsalud\x64\debug\marsalud.obj
d:\develop\marcombo\marsalud\marsalud\x64\debug\marsalud.asm
d:\develop\marcombo\marsalud\marsalud\x64\debug\doctor.obj
d:\develop\marcombo\marsalud\marsalud\x64\debug\doctor.asm
d:\develop\marcombo\marsalud\marsalud\x64\debug\marsalud.ilk
d:\develop\marcombo\marsalud\x64\debug\marsalud.exe
d:\develop\marcombo\marsalud\x64\debug\marsalud.pdb
d:\develop\marcombo\marsalud\marsalud\x64\debug\marsalud.tlog\cl.command.1.tlog
d:\develop\marcombo\marsalud\marsalud\x64\debug\marsalud.tlog\cl.items.tlog
d:\develop\marcombo\marsalud\marsalud\x64\debug\marsalud.tlog\cl.read.1.tlog
d:\develop\marcombo\marsalud\marsalud\x64\debug\marsalud.tlog\cl.write.1.tlog
d:\develop\marcombo\marsalud\marsalud\x64\debug\marsalud.tlog\link.command.1.tlog
d:\develop\marcombo\marsalud\marsalud\x64\debug\marsalud.tlog\link.read.1.tlog
d:\develop\marcombo\marsalud\marsalud\x64\debug\marsalud.tlog\link.write.1.tlog
